2020-07-25 14:11:53,972 - instabot version: 0.117.0 (bot) - INFO - Instabot version: 0.117.0 Started
2020-07-25 14:11:53,972 - instabot version: 0.117.0 (bot) - DEBUG - Bot imported from C:\Users\user\AppData\Local\Programs\Python\Python37\lib\site-packages\instabot\bot\bot.py
2020-07-25 14:11:57,578 - instabot version: 0.117.0 (api_login) - DEBUG - Loading cookies
2020-07-25 14:11:57,579 - instabot version: 0.117.0 (api_login) - DEBUG - Loading uuids
2020-07-25 14:11:57,579 - instabot version: 0.117.0 (api_login) - INFO - Recovery from C:\Users\user\Desktop\4api-master\api 4 урок/config/tolkonetut_uuid_and_cookie.json: COOKIE True - UUIDs True - TIMING, DEVICE and ...
- user-agent=Instagram 117.0.0.28.123 Android (28/9.0; 420dpi; 1080x1920; OnePlus; ONEPLUS A3003; OnePlus3; qcom; en_US; 180322800)
- phone_id=7ac8aa61-5184-40ac-9772-54ed9bbff576
- uuid=304f3e4e-38eb-4896-a115-2fc5bc6dd309
- client_session_id=100bd930-95e7-4959-a851-bc62a51ce758
- device_id=android-f35c323193c21f5e
2020-07-25 14:11:57,580 - instabot version: 0.117.0 (api_login) - INFO - LOGIN FLOW! Just logged-in: False
2020-07-25 14:11:59,610 - instabot version: 0.117.0 (api) - DEBUG - POST to endpoint: feed/timeline/ returned response: <Response [200]>
2020-07-25 14:12:00,226 - instabot version: 0.117.0 (api) - DEBUG - POST to endpoint: feed/reels_tray/ returned response: <Response [200]>
2020-07-25 14:12:00,229 - instabot version: 0.117.0 (api) - INFO - Logged-in successfully as 'tolkonetut'!
2020-07-25 14:12:00,230 - instabot version: 0.117.0 (bot_checkpoint) - DEBUG - Loading Checkpoint file from: C:\Users\user\Desktop\4api-master\api 4 урок/config/tolkonetut.checkpoint
2020-07-25 14:12:25,365 - instabot version: 0.117.0 (api) - DEBUG - POST to endpoint: media/configure/? returned response: <Response [200]>
2020-07-25 14:12:25,857 - instabot version: 0.117.0 (api) - DEBUG - POST to endpoint: qe/expose/ returned response: <Response [200]>
2020-07-25 14:12:25,858 - instabot version: 0.117.0 (bot_photo) - INFO - Photo 'images\api_hubblev1_7.JPG' is uploaded.
2020-07-25 14:12:30,147 - instabot version: 0.117.0 (bot_checkpoint) - DEBUG - Saving Checkpoint file to: C:\Users\user\Desktop\4api-master\api 4 урок/config/tolkonetut.checkpoint
2020-07-25 14:12:30,148 - instabot version: 0.117.0 (bot) - INFO - Total requests: 65
