2020-07-25 13:56:51,128 - instabot version: 0.117.0 (bot) - INFO - Instabot version: 0.117.0 Started
2020-07-25 13:56:51,133 - instabot version: 0.117.0 (bot) - DEBUG - Bot imported from C:\Users\user\AppData\Local\Programs\Python\Python37\lib\site-packages\instabot\bot\bot.py
2020-07-25 13:58:41,943 - instabot version: 0.117.0 (api_login) - DEBUG - Loading cookies
2020-07-25 13:58:41,944 - instabot version: 0.117.0 (api_login) - DEBUG - Loading uuids
2020-07-25 13:58:41,944 - instabot version: 0.117.0 (api_login) - INFO - Recovery from C:\Users\user\Desktop\4api-master\api 4 урок/config/tolkonetut_uuid_and_cookie.json: COOKIE True - UUIDs True - TIMING, DEVICE and ...
- user-agent=Instagram 117.0.0.28.123 Android (28/9.0; 420dpi; 1080x1920; OnePlus; ONEPLUS A3003; OnePlus3; qcom; en_US; 180322800)
- phone_id=7ac8aa61-5184-40ac-9772-54ed9bbff576
- uuid=304f3e4e-38eb-4896-a115-2fc5bc6dd309
- client_session_id=a48688d8-9b83-4451-974e-070b7cbe95eb
- device_id=android-f35c323193c21f5e
2020-07-25 13:58:41,946 - instabot version: 0.117.0 (api_login) - INFO - LOGIN FLOW! Just logged-in: False
2020-07-25 13:58:43,379 - instabot version: 0.117.0 (api) - DEBUG - POST to endpoint: feed/timeline/ returned response: <Response [200]>
2020-07-25 13:58:44,211 - instabot version: 0.117.0 (api) - DEBUG - POST to endpoint: feed/reels_tray/ returned response: <Response [200]>
2020-07-25 13:58:44,214 - instabot version: 0.117.0 (api) - INFO - Logged-in successfully as 'tolkonetut'!
2020-07-25 13:58:44,215 - instabot version: 0.117.0 (bot_checkpoint) - DEBUG - Loading Checkpoint file from: C:\Users\user\Desktop\4api-master\api 4 урок/config/tolkonetut.checkpoint
2020-07-25 13:59:09,769 - instabot version: 0.117.0 (api) - DEBUG - POST to endpoint: media/configure/? returned response: <Response [200]>
2020-07-25 13:59:10,218 - instabot version: 0.117.0 (api) - DEBUG - POST to endpoint: qe/expose/ returned response: <Response [200]>
2020-07-25 13:59:10,220 - instabot version: 0.117.0 (bot_photo) - INFO - Photo 'images\api_hubblev1_7.JPG' is uploaded.
2020-07-25 14:00:33,659 - instabot version: 0.117.0 (api) - DEBUG - POST to endpoint: media/configure/? returned response: <Response [200]>
2020-07-25 14:00:34,119 - instabot version: 0.117.0 (api) - DEBUG - POST to endpoint: qe/expose/ returned response: <Response [200]>
2020-07-25 14:00:34,120 - instabot version: 0.117.0 (bot_photo) - INFO - Photo 'images\api_hubblev1_8.JPG' is uploaded.
2020-07-25 14:01:57,981 - instabot version: 0.117.0 (api) - DEBUG - POST to endpoint: media/configure/? returned response: <Response [200]>
2020-07-25 14:01:58,610 - instabot version: 0.117.0 (api) - DEBUG - POST to endpoint: qe/expose/ returned response: <Response [200]>
2020-07-25 14:01:58,611 - instabot version: 0.117.0 (bot_photo) - INFO - Photo 'images\api_hubblev2_7.JPG' is uploaded.
2020-07-25 14:03:24,415 - instabot version: 0.117.0 (api) - DEBUG - POST to endpoint: media/configure/? returned response: <Response [200]>
2020-07-25 14:03:25,544 - instabot version: 0.117.0 (api) - DEBUG - POST to endpoint: qe/expose/ returned response: <Response [200]>
2020-07-25 14:03:25,545 - instabot version: 0.117.0 (bot_photo) - INFO - Photo 'images\api_hubblev2_8.JPG' is uploaded.
2020-07-25 14:04:50,758 - instabot version: 0.117.0 (api) - DEBUG - POST to endpoint: media/configure/? returned response: <Response [200]>
2020-07-25 14:04:51,242 - instabot version: 0.117.0 (api) - DEBUG - POST to endpoint: qe/expose/ returned response: <Response [200]>
2020-07-25 14:04:51,244 - instabot version: 0.117.0 (bot_photo) - INFO - Photo 'images\api_hubblev3_7.JPG' is uploaded.
2020-07-25 14:06:13,530 - instabot version: 0.117.0 (api) - DEBUG - POST to endpoint: media/configure/? returned response: <Response [200]>
2020-07-25 14:06:14,454 - instabot version: 0.117.0 (api) - DEBUG - POST to endpoint: qe/expose/ returned response: <Response [200]>
2020-07-25 14:06:14,454 - instabot version: 0.117.0 (bot_photo) - INFO - Photo 'images\api_hubblev3_8.JPG' is uploaded.
2020-07-25 14:06:17,075 - instabot version: 0.117.0 (bot_checkpoint) - DEBUG - Saving Checkpoint file to: C:\Users\user\Desktop\4api-master\api 4 урок/config/tolkonetut.checkpoint
2020-07-25 14:06:17,076 - instabot version: 0.117.0 (bot) - INFO - Total requests: 61
