2020-07-25 14:39:20,515 - instabot version: 0.117.0 (bot) - INFO - Instabot version: 0.117.0 Started
2020-07-25 14:39:20,516 - instabot version: 0.117.0 (bot) - DEBUG - Bot imported from C:\Users\user\AppData\Local\Programs\Python\Python37\lib\site-packages\instabot\bot\bot.py
2020-07-25 14:41:36,804 - instabot version: 0.117.0 (api_login) - DEBUG - Loading cookies
2020-07-25 14:41:36,804 - instabot version: 0.117.0 (api_login) - DEBUG - Loading uuids
2020-07-25 14:41:36,805 - instabot version: 0.117.0 (api_login) - INFO - Recovery from C:\Users\user\Documents\GitHub\instagram_bot/config/tolkonetut_uuid_and_cookie.json: COOKIE True - UUIDs True - TIMING, DEVICE and ...
- user-agent=Instagram 117.0.0.28.123 Android (28/9.0; 420dpi; 1080x1920; OnePlus; ONEPLUS A3003; OnePlus3; qcom; en_US; 180322800)
- phone_id=7ac8aa61-5184-40ac-9772-54ed9bbff576
- uuid=304f3e4e-38eb-4896-a115-2fc5bc6dd309
- client_session_id=100bd930-95e7-4959-a851-bc62a51ce758
- device_id=android-f35c323193c21f5e
2020-07-25 14:41:36,805 - instabot version: 0.117.0 (api_login) - INFO - LOGIN FLOW! Just logged-in: False
2020-07-25 14:41:38,699 - instabot version: 0.117.0 (api) - DEBUG - POST to endpoint: feed/timeline/ returned response: <Response [200]>
2020-07-25 14:41:39,655 - instabot version: 0.117.0 (api) - DEBUG - POST to endpoint: feed/reels_tray/ returned response: <Response [200]>
2020-07-25 14:41:40,064 - instabot version: 0.117.0 (api) - DEBUG - POST to endpoint: direct_v2/ranked_recipients/ returned response: <Response [200]>
2020-07-25 14:41:40,514 - instabot version: 0.117.0 (api) - DEBUG - POST to endpoint: direct_v2/ranked_recipients/ returned response: <Response [200]>
2020-07-25 14:41:40,951 - instabot version: 0.117.0 (api) - DEBUG - POST to endpoint: direct_v2/inbox/ returned response: <Response [200]>
2020-07-25 14:41:41,868 - instabot version: 0.117.0 (api) - DEBUG - GET to endpoint: direct_v2/get_presence/ returned response: <Response [200]>
2020-07-25 14:41:42,578 - instabot version: 0.117.0 (api) - DEBUG - GET to endpoint: news/inbox/?limited_activity=true&show_su=true returned response: <Response [200]>
2020-07-25 14:41:43,054 - instabot version: 0.117.0 (api) - DEBUG - GET to endpoint: users/profile_notice/ returned response: <Response [200]>
2020-07-25 14:41:44,088 - instabot version: 0.117.0 (api) - DEBUG - POST to endpoint: discover/explore/ returned response: <Response [200]>
2020-07-25 14:41:44,096 - instabot version: 0.117.0 (api) - INFO - Logged-in successfully as 'tolkonetut'!
2020-07-25 14:41:44,097 - instabot version: 0.117.0 (bot_checkpoint) - DEBUG - Loading Checkpoint file from: C:\Users\user\Documents\GitHub\instagram_bot/config/tolkonetut.checkpoint
2020-07-25 14:41:51,771 - instabot version: 0.117.0 (bot_checkpoint) - DEBUG - Saving Checkpoint file to: C:\Users\user\Documents\GitHub\instagram_bot/config/tolkonetut.checkpoint
2020-07-25 14:41:51,772 - instabot version: 0.117.0 (bot) - INFO - Total requests: 65
